yarn add v1.22.22
[1/4] Resolving packages...
[2/4] Fetching packages...
[3/4] Linking dependencies...
warning " > react-day-picker@8.10.1" has incorrect peer dependency "date-fns@^2.28.0 || ^3.0.0".
warning " > react-day-picker@8.10.1" has incorrect peer dependency "react@^16.8.0 || ^17.0.0 || ^18.0.0".
warning "react-scripts > eslint-config-react-app > eslint-plugin-flowtype@8.0.3" has unmet peer dependency "@babel/plugin-syntax-flow@^7.14.5".
warning "react-scripts > eslint-config-react-app > eslint-plugin-flowtype@8.0.3" has unmet peer dependency "@babel/plugin-transform-react-jsx@^7.14.9".
warning "react-scripts > react-dev-utils > fork-ts-checker-webpack-plugin@6.5.3" has unmet peer dependency "typescript@>= 2.7".
warning "react-scripts > eslint-config-react-app > @typescript-eslint/eslint-plugin > tsutils@3.21.0" has unmet peer dependency "typescript@>=2.8.0 || >= 3.2.0-dev || >= 3.3.0-dev || >= 3.4.0-dev || >= 3.5.0-dev || >= 3.6.0-dev || >= 3.6.0-beta || >= 3.7.0-dev || >= 3.7.0-beta".
warning "@craco/craco > cosmiconfig-typescript-loader@1.0.9" has unmet peer dependency "@types/node@*".
warning "@craco/craco > cosmiconfig-typescript-loader@1.0.9" has unmet peer dependency "typescript@>=3".
warning "@craco/craco > cosmiconfig-typescript-loader > ts-node@10.9.2" has unmet peer dependency "@types/node@*".
warning "@craco/craco > cosmiconfig-typescript-loader > ts-node@10.9.2" has unmet peer dependency "typescript@>=2.7".
warning "@mui/material > @types/react-transition-group@4.4.12" has unmet peer dependency "@types/react@*".
[4/4] Building fresh packages...
success Saved lockfile.
success Saved 18 new dependencies.
info Direct dependencies
├─ @emotion/react@11.14.0
├─ @emotion/styled@11.14.1
├─ @mui/icons-material@7.3.1
└─ @mui/material@7.3.1
info All dependencies
├─ @babel/helper-globals@7.28.0
├─ @emotion/is-prop-valid@1.3.1
├─ @emotion/react@11.14.0
├─ @emotion/styled@11.14.1
├─ @emotion/unitless@0.10.0
├─ @mui/core-downloads-tracker@7.3.1
├─ @mui/icons-material@7.3.1
├─ @mui/material@7.3.1
├─ @mui/private-theming@7.3.1
├─ @mui/styled-engine@7.3.1
├─ @mui/system@7.3.1
├─ @popperjs/core@2.11.8
├─ @types/prop-types@15.7.15
├─ @types/react-transition-group@4.4.12
├─ dom-helpers@5.2.1
├─ find-root@1.1.0
├─ hoist-non-react-statics@3.3.2
└─ react-transition-group@4.4.5
Done in 23.68s.
